0 info it worked if it ends with ok
1 verbose cli [ 'E:\\nodejs\\node.exe',
1 verbose cli   'C:\\Users\\CCH-Main\\AppData\\Roaming\\npm\\node_modules\\npm\\bin\\npm-cli.js',
1 verbose cli   'start' ]
2 info using npm@3.10.9
3 info using node@v4.4.0
4 verbose run-script [ 'prestart', 'start', 'poststart' ]
5 info lifecycle csgostats_2@1.0.0~prestart: csgostats_2@1.0.0
6 silly lifecycle csgostats_2@1.0.0~prestart: no script for prestart, continuing
7 info lifecycle csgostats_2@1.0.0~start: csgostats_2@1.0.0
8 verbose lifecycle csgostats_2@1.0.0~start: unsafe-perm in lifecycle true
9 verbose lifecycle csgostats_2@1.0.0~start: PATH: C:\Users\CCH-Main\AppData\Roaming\npm\node_modules\npm\bin\node-gyp-bin;F:\FAC\M2\csgostats\node_modules\.bin;C:\ProgramData\Oracle\Java\javapath;C:\Program Files (x86)\Intel\iCLS Client\;C:\Program Files\Intel\iCLS Client\;C:\Windows\system32;C:\Windows;C:\Windows\System32\Wbem;C:\Windows\System32\WindowsPowerShell\v1.0\;C:\Program Files (x86)\AMD\ATI.ACE\Core-Static;C:\Program Files (x86)\Intel\Intel(R) Management Engine Components\DAL;C:\Program Files (x86)\Intel\Intel(R) Management Engine Components\IPT;C:\Program Files\Intel\Intel(R) Management Engine Components\DAL;C:\Program Files\Intel\Intel(R) Management Engine Components\IPT;C:\Program Files (x86)\Intel\Intel(R) Management Engine Components\DAL;C:\Program Files (x86)\Intel\Intel(R) Management Engine Components\IPT;C:\wamp\bin\php\php5.5.12;C:\ProgramData\ComposerSetup\bin;C:\Program Files\Git\cmd;C:\msysgit\bin;C:\msysgit\mingw\bin;C:\Program Files (x86)\Skype\Phone\;E:\nodejs\;C:\Python27;C:\Python27\Scripts;E:\Ruby193\bin;C:\Users\CCH-Main\AppData\Roaming\npm;C:\Users\CCH-Main\AppData\Local\atom\bin;C:\Python27\;C:\Python27\Scripts\;;c:\python27;c:\python27\Scripts;C:/Program Files/MongoDB/Server/3.2/bin
10 verbose lifecycle csgostats_2@1.0.0~start: CWD: F:\FAC\M2\csgostats
11 silly lifecycle csgostats_2@1.0.0~start: Args: [ '/d /s /c', 'node server.js' ]
12 silly lifecycle csgostats_2@1.0.0~start: Returned: code: 3221225786  signal: null
13 info lifecycle csgostats_2@1.0.0~start: Failed to exec start script
14 verbose stack Error: csgostats_2@1.0.0 start: `node server.js`
14 verbose stack Exit status 3221225786
14 verbose stack     at EventEmitter.<anonymous> (C:\Users\CCH-Main\AppData\Roaming\npm\node_modules\npm\lib\utils\lifecycle.js:255:16)
14 verbose stack     at emitTwo (events.js:87:13)
14 verbose stack     at EventEmitter.emit (events.js:172:7)
14 verbose stack     at ChildProcess.<anonymous> (C:\Users\CCH-Main\AppData\Roaming\npm\node_modules\npm\lib\utils\spawn.js:40:14)
14 verbose stack     at emitTwo (events.js:87:13)
14 verbose stack     at ChildProcess.emit (events.js:172:7)
14 verbose stack     at maybeClose (internal/child_process.js:827:16)
14 verbose stack     at Process.ChildProcess._handle.onexit (internal/child_process.js:211:5)
15 verbose pkgid csgostats_2@1.0.0
16 verbose cwd F:\FAC\M2\csgostats
17 error Windows_NT 6.1.7601
18 error argv "E:\\nodejs\\node.exe" "C:\\Users\\CCH-Main\\AppData\\Roaming\\npm\\node_modules\\npm\\bin\\npm-cli.js" "start"
19 error node v4.4.0
20 error npm  v3.10.9
21 error code ELIFECYCLE
22 error csgostats_2@1.0.0 start: `node server.js`
22 error Exit status 3221225786
23 error Failed at the csgostats_2@1.0.0 start script 'node server.js'.
23 error Make sure you have the latest version of node.js and npm installed.
23 error If you do, this is most likely a problem with the csgostats_2 package,
23 error not with npm itself.
23 error Tell the author that this fails on your system:
23 error     node server.js
23 error You can get information on how to open an issue for this project with:
23 error     npm bugs csgostats_2
23 error Or if that isn't available, you can get their info via:
23 error     npm owner ls csgostats_2
23 error There is likely additional logging output above.
24 verbose exit [ 1, true ]
